
> web@0.0.0 build
> vite build


[36mvite v4.4.9 [32mbuilding SSR bundle for production...[36m[39m
transforming...
[svelte-preprocess] Deprecation notice: using the "type" attribute is no longer recommended and will be removed in the next major version. Please use the "lang" attribute instead.
5:52:50 PM [vite-plugin-svelte] C:/Users/Bernard/Documents/denis kipeles/sveltekit-projects/my-turborepo/apps/web/src/lib/editor/Preview.svelte:47:2 Unused CSS selector "ol"
45: <style>
46:   /* Style the <ol> element */
47:   ol {
      ^
48:     list-style-type: none; /* Remove default numbering */
49:     counter-reset: my-counter; /* Initialize a custom counter */
5:52:50 PM [vite-plugin-svelte] C:/Users/Bernard/Documents/denis kipeles/sveltekit-projects/my-turborepo/apps/web/src/lib/editor/Preview.svelte:53:2 Unused CSS selector "ol li::before"
51: 
52:   /* Style the <li> elements within the <ol> */
53:   ol li::before {
      ^
54:     content: counter(my-counter); /* Display the custom counter content */
55:     counter-increment: my-counter; /* Increment the custom counter */
5:52:50 PM [vite-plugin-svelte] C:/Users/Bernard/Documents/denis kipeles/sveltekit-projects/my-turborepo/apps/web/src/lib/editor/Preview.svelte:60:2 Unused CSS selector "ul"
58: 
59:   /* Style the <ul> element */
60:   ul {
      ^
61:     list-style-type: none; /* Remove default bullets */
62:   }
5:52:50 PM [vite-plugin-svelte] C:/Users/Bernard/Documents/denis kipeles/sveltekit-projects/my-turborepo/apps/web/src/lib/editor/Preview.svelte:65:2 Unused CSS selector "ul li::before"
63: 
64:   /* Style the <li> elements within the <ul> */
65:   ul li::before {
      ^
66:     content: '\2022'; /* Use a bullet character (•) as a marker */
67:     /*color: #ff0000; /* Change the marker color to red (you can customize this) */
[32m✓[39m 168 modules transformed.
rendering chunks...
[33mwarnings when minifying css:
▲ [WARNING] Unexpected "(" [css-syntax-error]

    <stdin>:8252:4:
      8252 │ #md (table, th, td) {
           ╵     ^

[39m

[36mvite v4.4.9 [32mbuilding for production...[36m[39m
transforming...
5:53:08 PM [vite-plugin-svelte] C:/Users/Bernard/Documents/denis kipeles/sveltekit-projects/my-turborepo/apps/web/src/lib/editor/Preview.svelte:47:2 Unused CSS selector "ol"
45: <style>
46:   /* Style the <ol> element */
47:   ol {
      ^
48:     list-style-type: none; /* Remove default numbering */
49:     counter-reset: my-counter; /* Initialize a custom counter */
5:53:08 PM [vite-plugin-svelte] C:/Users/Bernard/Documents/denis kipeles/sveltekit-projects/my-turborepo/apps/web/src/lib/editor/Preview.svelte:53:2 Unused CSS selector "ol li::before"
51: 
52:   /* Style the <li> elements within the <ol> */
53:   ol li::before {
      ^
54:     content: counter(my-counter); /* Display the custom counter content */
55:     counter-increment: my-counter; /* Increment the custom counter */
5:53:08 PM [vite-plugin-svelte] C:/Users/Bernard/Documents/denis kipeles/sveltekit-projects/my-turborepo/apps/web/src/lib/editor/Preview.svelte:60:2 Unused CSS selector "ul"
58: 
59:   /* Style the <ul> element */
60:   ul {
      ^
61:     list-style-type: none; /* Remove default bullets */
62:   }
5:53:08 PM [vite-plugin-svelte] C:/Users/Bernard/Documents/denis kipeles/sveltekit-projects/my-turborepo/apps/web/src/lib/editor/Preview.svelte:65:2 Unused CSS selector "ul li::before"
63: 
64:   /* Style the <li> elements within the <ul> */
65:   ul li::before {
      ^
66:     content: '\2022'; /* Use a bullet character (•) as a marker */
67:     /*color: #ff0000; /* Change the marker color to red (you can customize this) */
[32m✓[39m 362 modules transformed.
rendering chunks...
[33mwarnings when minifying css:
▲ [WARNING] Unexpected "(" [css-syntax-error]

    <stdin>:8252:4:
      8252 │ #md (table, th, td) {
           ╵     ^

[39m
computing gzip size...
[2m.svelte-kit/output/client/[22m[32m_app/version.json                                                            [39m[1m[2m  0.03 kB[22m[1m[22m[2m │ gzip:   0.05 kB[22m
[2m.svelte-kit/output/client/[22m[32mvite-manifest.json                                                           [39m[1m[2m 10.06 kB[22m[1m[22m[2m │ gzip:   1.19 kB[22m
[2m.svelte-kit/output/client/[22m[35m_app/immutable/assets/ProgressBar.4f1e9ba5.css                               [39m[1m[2m  0.28 kB[22m[1m[22m[2m │ gzip:   0.16 kB[22m
[2m.svelte-kit/output/client/[22m[35m_app/immutable/assets/0.4aca34d8.css                                         [39m[1m[2m145.40 kB[22m[1m[22m[2m │ gzip:  22.51 kB[22m
[2m.svelte-kit/output/client/[22m[36m_app/immutable/chunks/navigation.753cb613.js                                 [39m[1m[2m  0.14 kB[22m[1m[22m[2m │ gzip:   0.13 kB[22m
[2m.svelte-kit/output/client/[22m[36m_app/immutable/nodes/8.cb9c1380.js                                           [39m[1m[2m  0.15 kB[22m[1m[22m[2m │ gzip:   0.14 kB[22m
[2m.svelte-kit/output/client/[22m[36m_app/immutable/chunks/stores.8280f18c.js                                     [39m[1m[2m  0.24 kB[22m[1m[22m[2m │ gzip:   0.17 kB[22m
[2m.svelte-kit/output/client/[22m[36m_app/immutable/chunks/control.f5b05b5f.js                                    [39m[1m[2m  0.25 kB[22m[1m[22m[2m │ gzip:   0.18 kB[22m
[2m.svelte-kit/output/client/[22m[36m_app/immutable/chunks/blog-service.a57b6f0f.js                               [39m[1m[2m  0.31 kB[22m[1m[22m[2m │ gzip:   0.25 kB[22m
[2m.svelte-kit/output/client/[22m[36m_app/immutable/chunks/paths.e9db2baa.js                                      [39m[1m[2m  0.67 kB[22m[1m[22m[2m │ gzip:   0.41 kB[22m
[2m.svelte-kit/output/client/[22m[36m_app/immutable/nodes/7.d5b33abd.js                                           [39m[1m[2m  0.93 kB[22m[1m[22m[2m │ gzip:   0.46 kB[22m
[2m.svelte-kit/output/client/[22m[36m_app/immutable/chunks/stores.169d61d4.js                                     [39m[1m[2m  1.13 kB[22m[1m[22m[2m │ gzip:   0.62 kB[22m
[2m.svelte-kit/output/client/[22m[36m_app/immutable/chunks/parse.bee59afc.js                                      [39m[1m[2m  1.23 kB[22m[1m[22m[2m │ gzip:   0.58 kB[22m
[2m.svelte-kit/output/client/[22m[36m_app/immutable/chunks/forms.a10b8880.js                                      [39m[1m[2m  1.78 kB[22m[1m[22m[2m │ gzip:   0.86 kB[22m
[2m.svelte-kit/output/client/[22m[36m_app/immutable/nodes/1.0f3ab3c7.js                                           [39m[1m[2m  1.91 kB[22m[1m[22m[2m │ gzip:   1.00 kB[22m
[2m.svelte-kit/output/client/[22m[36m_app/immutable/chunks/ProgressBar.svelte_svelte_type_style_lang.c226a802.js  [39m[1m[2m  2.33 kB[22m[1m[22m[2m │ gzip:   1.04 kB[22m
[33m
(!) Some chunks are larger than 500 kBs after minification. Consider:
[2m.svelte-kit/output/client/[22m[36m_app/immutable/chunks/singletons.2189d2e5.js                                 [39m[1m[2m  2.37 kB[22m[1m[22m[2m │ gzip:   1.23 kB[22m
[2m.svelte-kit/output/client/[22m[36m_app/immutable/chunks/Error.b0cd47a7.js                                      [39m[1m[2m  2.72 kB[22m[1m[22m[2m │ gzip:   1.23 kB[22m
- Using dynamic import() to code-split the application
- Use build.rollupOptions.output.manualChunks to improve chunking: https://rollupjs.org/configuration-options/#output-manualchunks
[2m.svelte-kit/output/client/[22m[36m_app/immutable/chunks/Avatar.7ecbc94e.js                                     [39m[1m[2m  3.64 kB[22m[1m[22m[2m │ gzip:   1.77 kB[22m
[2m.svelte-kit/output/client/[22m[36m_app/immutable/nodes/3.45359b73.js                                           [39m[1m[2m  3.91 kB[22m[1m[22m[2m │ gzip:   1.78 kB[22m
[2m.svelte-kit/output/client/[22m[36m_app/immutable/chunks/ProgressRadial.765465f9.js                             [39m[1m[2m  4.16 kB[22m[1m[22m[2m │ gzip:   1.86 kB[22m
- Adjust chunk size limit for this warning via build.chunkSizeWarningLimit.[39m
[2m.svelte-kit/output/client/[22m[36m_app/immutable/chunks/LoginForm.99c4696d.js                                  [39m[1m[2m  5.96 kB[22m[1m[22m[2m │ gzip:   2.54 kB[22m
[2m.svelte-kit/output/client/[22m[36m_app/immutable/nodes/9.7812fe96.js                                           [39m[1m[2m  7.98 kB[22m[1m[22m[2m │ gzip:   2.98 kB[22m
[2m.svelte-kit/output/client/[22m[36m_app/immutable/chunks/LayoutPage.8437d49c.js                                 [39m[1m[2m  8.13 kB[22m[1m[22m[2m │ gzip:   3.62 kB[22m
[2m.svelte-kit/output/client/[22m[36m_app/immutable/nodes/2.d3ff092a.js                                           [39m[1m[2m  9.91 kB[22m[1m[22m[2m │ gzip:   3.79 kB[22m
[2m.svelte-kit/output/client/[22m[36m_app/immutable/entry/app.a74a52d0.js                                         [39m[1m[2m 10.19 kB[22m[1m[22m[2m │ gzip:   2.92 kB[22m
[2m.svelte-kit/output/client/[22m[36m_app/immutable/chunks/InputChip.8195f968.js                                  [39m[1m[2m 10.47 kB[22m[1m[22m[2m │ gzip:   4.37 kB[22m
[2m.svelte-kit/output/client/[22m[36m_app/immutable/nodes/5.78ed7dd9.js                                           [39m[1m[2m 12.26 kB[22m[1m[22m[2m │ gzip:   4.95 kB[22m
[2m.svelte-kit/output/client/[22m[36m_app/immutable/nodes/6.25480372.js                                           [39m[1m[2m 12.74 kB[22m[1m[22m[2m │ gzip:   4.84 kB[22m
[2m.svelte-kit/output/client/[22m[36m_app/immutable/chunks/LogoFull.3e48c4ad.js                                   [39m[1m[2m 12.89 kB[22m[1m[22m[2m │ gzip:   5.66 kB[22m
[2m.svelte-kit/output/client/[22m[36m_app/immutable/nodes/4.38d6a0dd.js                                           [39m[1m[2m 14.37 kB[22m[1m[22m[2m │ gzip:   5.74 kB[22m
[2m.svelte-kit/output/client/[22m[36m_app/immutable/chunks/index.bf65ed7d.js                                      [39m[1m[2m 16.47 kB[22m[1m[22m[2m │ gzip:   6.75 kB[22m
[2m.svelte-kit/output/client/[22m[36m_app/immutable/entry/start.e680bb85.js                                       [39m[1m[2m 23.53 kB[22m[1m[22m[2m │ gzip:   9.32 kB[22m
[2m.svelte-kit/output/client/[22m[36m_app/immutable/chunks/pb.8dad6dab.js                                         [39m[1m[2m 34.56 kB[22m[1m[22m[2m │ gzip:   9.44 kB[22m
[2m.svelte-kit/output/client/[22m[36m_app/immutable/chunks/Preview.b2f74818.js                                    [39m[1m[2m 38.60 kB[22m[1m[22m[2m │ gzip:  12.51 kB[22m
[2m.svelte-kit/output/client/[22m[36m_app/immutable/nodes/0.27e99bb5.js                                           [39m[1m[2m131.86 kB[22m[1m[22m[2m │ gzip:  42.74 kB[22m
[2m.svelte-kit/output/client/[22m[36m_app/immutable/chunks/index.07a6de34.js                                      [39m[1m[33m913.31 kB[39m[22m[2m │ gzip: 301.97 kB[22m
[32m✓ built in 25.80s[39m
[2m.svelte-kit/output/server/[22m[32mvite-manifest.json                                                              [39m[1m[2m  9.27 kB[22m[1m[22m
[2m.svelte-kit/output/server/[22m[35m_app/immutable/assets/ProgressBar.4f1e9ba5.css                                  [39m[1m[2m  0.28 kB[22m[1m[22m
[2m.svelte-kit/output/server/[22m[35m_app/immutable/assets/_layout.401eee2e.css                                      [39m[1m[2m145.37 kB[22m[1m[22m
[2m.svelte-kit/output/server/[22m[36mentries/pages/(app)/_main_link_/_sub_link_/_page.ts.js                          [39m[1m[2m  0.19 kB[22m[1m[22m
[2m.svelte-kit/output/server/[22m[36minternal.js                                                                     [39m[1m[2m  0.19 kB[22m[1m[22m
[2m.svelte-kit/output/server/[22m[36mentries/pages/(auth)/logout/_page.svelte.js                                     [39m[1m[2m  0.20 kB[22m[1m[22m
[2m.svelte-kit/output/server/[22m[36mentries/pages/_layout.server.ts.js                                              [39m[1m[2m  0.24 kB[22m[1m[22m
[2m.svelte-kit/output/server/[22m[36mchunks/blog-service.js                                                          [39m[1m[2m  0.24 kB[22m[1m[22m
[2m.svelte-kit/output/server/[22m[36mentries/pages/(auth)/logout/_page.server.ts.js                                  [39m[1m[2m  0.32 kB[22m[1m[22m
[2m.svelte-kit/output/server/[22m[36mchunks/pb.js                                                                    [39m[1m[2m  0.39 kB[22m[1m[22m
[2m.svelte-kit/output/server/[22m[36mchunks/index5.js                                                                [39m[1m[2m  0.40 kB[22m[1m[22m
[2m.svelte-kit/output/server/[22m[36mentries/pages/(app)/_main_link_/_sub_link_/_page_/_article_id_/_page.ts.js      [39m[1m[2m  0.44 kB[22m[1m[22m
[2m.svelte-kit/output/server/[22m[36mchunks/stores2.js                                                               [39m[1m[2m  0.53 kB[22m[1m[22m
[2m.svelte-kit/output/server/[22m[36mchunks/index4.js                                                                [39m[1m[2m  0.64 kB[22m[1m[22m
[2m.svelte-kit/output/server/[22m[36mentries/pages/(auth)/login/_page.svelte.js                                      [39m[1m[2m  0.69 kB[22m[1m[22m
[2m.svelte-kit/output/server/[22m[36mchunks/links.js                                                                 [39m[1m[2m  0.71 kB[22m[1m[22m
[2m.svelte-kit/output/server/[22m[36mchunks/Error.js                                                                 [39m[1m[2m  0.75 kB[22m[1m[22m
[2m.svelte-kit/output/server/[22m[36mentries/pages/_error.svelte.js                                                  [39m[1m[2m  0.83 kB[22m[1m[22m
[2m.svelte-kit/output/server/[22m[36mentries/endpoints/api/article/_server.ts.js                                     [39m[1m[2m  0.90 kB[22m[1m[22m
[2m.svelte-kit/output/server/[22m[36mentries/pages/_page.server.ts.js                                                [39m[1m[2m  0.92 kB[22m[1m[22m
[2m.svelte-kit/output/server/[22m[36mentries/pages/(auth)/login/_page.server.ts.js                                   [39m[1m[2m  0.93 kB[22m[1m[22m
[2m.svelte-kit/output/server/[22m[36mentries/pages/(app)/_main_link_/_sub_link_/_page_/_page.ts.js                   [39m[1m[2m  0.96 kB[22m[1m[22m
[2m.svelte-kit/output/server/[22m[36mentries/pages/(auth)/register/_page.server.ts.js                                [39m[1m[2m  1.02 kB[22m[1m[22m
[2m.svelte-kit/output/server/[22m[36mchunks/index2.js                                                                [39m[1m[2m  1.33 kB[22m[1m[22m
[2m.svelte-kit/output/server/[22m[36mchunks/hooks.server.js                                                          [39m[1m[2m  1.42 kB[22m[1m[22m
[2m.svelte-kit/output/server/[22m[36mentries/pages/(app)/_main_link_/_sub_link_/_page.svelte.js                      [39m[1m[2m  1.54 kB[22m[1m[22m
[2m.svelte-kit/output/server/[22m[36mchunks/ProgressBar.svelte_svelte_type_style_lang.js                             [39m[1m[2m  1.58 kB[22m[1m[22m
[2m.svelte-kit/output/server/[22m[36mchunks/LoginForm.js                                                             [39m[1m[2m  1.75 kB[22m[1m[22m
[2m.svelte-kit/output/server/[22m[36mchunks/index.js                                                                 [39m[1m[2m  2.20 kB[22m[1m[22m
[2m.svelte-kit/output/server/[22m[36mentries/pages/(auth)/register/_page.svelte.js                                   [39m[1m[2m  2.36 kB[22m[1m[22m
[2m.svelte-kit/output/server/[22m[36mchunks/stores.js                                                                [39m[1m[2m  2.46 kB[22m[1m[22m
[2m.svelte-kit/output/server/[22m[36mchunks/Avatar.js                                                                [39m[1m[2m  3.45 kB[22m[1m[22m
[2m.svelte-kit/output/server/[22m[36mentries/pages/(app)/_main_link_/_sub_link_/_page_/_page.svelte.js               [39m[1m[2m  4.08 kB[22m[1m[22m
[2m.svelte-kit/output/server/[22m[36mentries/pages/(app)/_main_link_/_sub_link_/_page_/_article_id_/_page.svelte.js  [39m[1m[2m  4.97 kB[22m[1m[22m
[2m.svelte-kit/output/server/[22m[36mchunks/LayoutPage.js                                                            [39m[1m[2m  5.04 kB[22m[1m[22m
[2m.svelte-kit/output/server/[22m[36mchunks/internal.js                                                              [39m[1m[2m  5.84 kB[22m[1m[22m
[2m.svelte-kit/output/server/[22m[36mentries/pages/_page.svelte.js                                                   [39m[1m[2m  5.87 kB[22m[1m[22m
[2m.svelte-kit/output/server/[22m[36mentries/pages/(app)/_main_link_/_sub_link_/create-article/_page.svelte.js       [39m[1m[2m  7.72 kB[22m[1m[22m
[2m.svelte-kit/output/server/[22m[36mchunks/index3.js                                                                [39m[1m[2m  8.34 kB[22m[1m[22m
[2m.svelte-kit/output/server/[22m[36mchunks/InputChip.js                                                             [39m[1m[2m  8.85 kB[22m[1m[22m
[2m.svelte-kit/output/server/[22m[36mchunks/LogoFull.js                                                              [39m[1m[2m 12.46 kB[22m[1m[22m
[2m.svelte-kit/output/server/[22m[36mentries/pages/_layout.svelte.js                                                 [39m[1m[2m 71.87 kB[22m[1m[22m
[2m.svelte-kit/output/server/[22m[36mindex.js                                                                        [39m[1m[2m 86.52 kB[22m[1m[22m

Run npm run preview to preview your production build locally.

> Using @sveltejs/adapter-auto
  Could not detect a supported production environment. See https://kit.svelte.dev/docs/adapters to learn how to configure your app to run on the platform of your choosing
  ✔ done
[32m✓ built in 52.46s[39m
